app/build/intermediates/manifest_merge_blame_file/debug/manifest-merger-blame-debug-report.txt
1<?xml version="1.0" encoding="utf-8"?>
2<manifest xmlns:android="http://schemas.android.com/apk/res/android"
3    xmlns:dist="http://schemas.android.com/apk/distribution"
4    package="org.tensorflow.lite.examples.imagesegmentation"
5    android:versionCode="1"
6    android:versionName="1.0" >
7
8    <uses-sdk
9        android:minSdkVersion="23"
9-->src\main\AndroidManifest.xml
10        android:targetSdkVersion="33" />
10-->src\main\AndroidManifest.xml
11    <!-- Enable instant app support -->
12    <dist:module dist:instant="true" /> <!-- Declare features -->
12-->src\main\AndroidManifest.xml:7:5-40
12-->src\main\AndroidManifest.xml:7:18-37
13    <uses-feature android:name="android.hardware.camera" /> <!-- Declare permissions -->
13-->src\main\AndroidManifest.xml:8:5-60
13-->src\main\AndroidManifest.xml:8:19-57
14    <uses-permission android:name="android.permission.CAMERA" />
14-->src\main\AndroidManifest.xml:9:5-65
14-->src\main\AndroidManifest.xml:9:22-62
15    <uses-permission android:name="android.permission.READ_EXTERNAL_STORAGE" />
15-->src\main\AndroidManifest.xml:10:5-80
15-->src\main\AndroidManifest.xml:10:22-77
16    <uses-permission android:name="android.permission.WRITE_EXTERNAL_STORAGE" />
16-->src\main\AndroidManifest.xml:11:5-81
16-->src\main\AndroidManifest.xml:11:22-78
17    <uses-permission android:name="android.permission.READ_PHONE_STATE" />
18
19    <application
19-->src\main\AndroidManifest.xml:13:5-45:19
20        android:allowBackup="true"
20-->src\main\AndroidManifest.xml:14:9-35
21        android:appComponentFactory="androidx.core.app.CoreComponentFactory"
21-->[androidx.core:core:1.8.0] AndroidManifest.xml:24:18-86
22        android:debuggable="true"
23        android:extractNativeLibs="false"
24        android:icon="@mipmap/ic_launcher"
24-->src\main\AndroidManifest.xml:15:9-43
25        android:label="@string/app_name"
25-->src\main\AndroidManifest.xml:16:9-41
26        android:roundIcon="@mipmap/ic_launcher_round"
26-->src\main\AndroidManifest.xml:17:9-54
27        android:supportsRtl="true"
27-->src\main\AndroidManifest.xml:18:9-35
28        android:taskAffinity=""
28-->src\main\AndroidManifest.xml:19:9-32
29        android:testOnly="true" >
30        <activity
30-->src\main\AndroidManifest.xml:20:9-29:20
31            android:name="org.tensorflow.lite.examples.imagesegmentation.PickImageActivity"
31-->src\main\AndroidManifest.xml:21:13-46
32            android:exported="true"
32-->src\main\AndroidManifest.xml:23:13-36
33            android:theme="@style/AppTheme" >
33-->src\main\AndroidManifest.xml:22:13-44
34            <intent-filter>
34-->src\main\AndroidManifest.xml:24:13-28:29
35                <action android:name="android.intent.action.MAIN" />
35-->src\main\AndroidManifest.xml:25:17-69
35-->src\main\AndroidManifest.xml:25:25-66
36
37                <category android:name="android.intent.category.LAUNCHER" />
37-->src\main\AndroidManifest.xml:27:17-77
37-->src\main\AndroidManifest.xml:27:27-74
38            </intent-filter>
39        </activity>
40        <activity
40-->src\main\AndroidManifest.xml:30:9-44:20
41            android:name="org.tensorflow.lite.examples.imagesegmentation.MainActivity"
41-->src\main\AndroidManifest.xml:31:13-41
42            android:clearTaskOnLaunch="true"
42-->src\main\AndroidManifest.xml:32:13-45
43            android:configChanges="orientation|screenLayout|screenSize|smallestScreenSize"
43-->src\main\AndroidManifest.xml:33:13-91
44            android:exported="true"
44-->src\main\AndroidManifest.xml:34:13-36
45            android:resizeableActivity="true"
45-->src\main\AndroidManifest.xml:35:13-46
46            android:rotationAnimation="seamless"
46-->src\main\AndroidManifest.xml:36:13-49
47            android:theme="@style/AppTheme" >
47-->src\main\AndroidManifest.xml:37:13-44
48
49            <!-- Declare notch support -->
50            <meta-data
50-->src\main\AndroidManifest.xml:41:13-43:40
51                android:name="android.notch_support"
51-->src\main\AndroidManifest.xml:42:17-53
52                android:value="true" />
52-->src\main\AndroidManifest.xml:43:17-37
53        </activity>
54
55        <uses-library
55-->[androidx.window:window:1.1.0-alpha02] AndroidManifest.xml:25:9-27:40
56            android:name="androidx.window.extensions"
56-->[androidx.window:window:1.1.0-alpha02] AndroidManifest.xml:26:13-54
57            android:required="false" />
57-->[androidx.window:window:1.1.0-alpha02] AndroidManifest.xml:27:13-37
58        <uses-library
58-->[androidx.window:window:1.1.0-alpha02] AndroidManifest.xml:28:9-30:40
59            android:name="androidx.window.sidecar"
59-->[androidx.window:window:1.1.0-alpha02] AndroidManifest.xml:29:13-51
60            android:required="false" />
60-->[androidx.window:window:1.1.0-alpha02] AndroidManifest.xml:30:13-37
61
62        <service
62-->[androidx.camera:camera-camera2:1.2.0-alpha02] AndroidManifest.xml:25:9-34:19
63            android:name="androidx.camera.core.impl.MetadataHolderService"
63-->[androidx.camera:camera-camera2:1.2.0-alpha02] AndroidManifest.xml:26:13-75
64            android:enabled="false"
64-->[androidx.camera:camera-camera2:1.2.0-alpha02] AndroidManifest.xml:27:13-36
65            android:exported="false" >
65-->[androidx.camera:camera-camera2:1.2.0-alpha02] AndroidManifest.xml:28:13-37
66            <meta-data
66-->[androidx.camera:camera-camera2:1.2.0-alpha02] AndroidManifest.xml:31:13-33:89
67                android:name="androidx.camera.core.impl.MetadataHolderService.DEFAULT_CONFIG_PROVIDER"
67-->[androidx.camera:camera-camera2:1.2.0-alpha02] AndroidManifest.xml:32:17-103
68                android:value="androidx.camera.camera2.Camera2Config$DefaultProvider" />
68-->[androidx.camera:camera-camera2:1.2.0-alpha02] AndroidManifest.xml:33:17-86
69        </service>
70
71        <provider
71-->[androidx.emoji2:emoji2:1.0.0] AndroidManifest.xml:26:9-34:20
72            android:name="androidx.startup.InitializationProvider"
72-->[androidx.emoji2:emoji2:1.0.0] AndroidManifest.xml:27:13-67
73            android:authorities="org.tensorflow.lite.examples.imagesegmentation.androidx-startup"
73-->[androidx.emoji2:emoji2:1.0.0] AndroidManifest.xml:28:13-68
74            android:exported="false" >
74-->[androidx.emoji2:emoji2:1.0.0] AndroidManifest.xml:29:13-37
75            <meta-data
75-->[androidx.emoji2:emoji2:1.0.0] AndroidManifest.xml:31:13-33:52
76                android:name="androidx.emoji2.text.EmojiCompatInitializer"
76-->[androidx.emoji2:emoji2:1.0.0] AndroidManifest.xml:32:17-75
77                android:value="androidx.startup" />
77-->[androidx.emoji2:emoji2:1.0.0] AndroidManifest.xml:33:17-49
78            <meta-data
78-->[androidx.lifecycle:lifecycle-process:2.4.0] AndroidManifest.xml:31:13-33:52
79                android:name="androidx.lifecycle.ProcessLifecycleInitializer"
79-->[androidx.lifecycle:lifecycle-process:2.4.0] AndroidManifest.xml:32:17-78
80                android:value="androidx.startup" />
80-->[androidx.lifecycle:lifecycle-process:2.4.0] AndroidManifest.xml:33:17-49
81        </provider>
82    </application>
83
84</manifest>